Arguments: 
  /home/vboxuser/.nvm/versions/node/v20.5.0/bin/node /usr/local/bin/yarn add –-dev vitepress

PATH: 
  /home/vboxuser/.local/bin:/home/vboxuser/.nvm/versions/node/v20.5.0/bin:/usr/local/sbin:/usr/local/bin:/usr/sbin:/usr/bin:/sbin:/bin:/usr/games:/usr/local/games:/snap/bin

Yarn version: 
  1.22.19

Node version: 
  20.5.0

Platform: 
  linux x64

Trace: 
  TypeError [ERR_UNESCAPED_CHARACTERS]: https://registry.yarnpkg.com/–-dev: Request path contains unescaped characters
      at new NodeError (node:internal/errors:405:5)
      at new ClientRequest (node:_http_client:178:13)
      at Object.request (node:https:377:10)
      at module.exports.Request.start (/usr/local/lib/node_modules/yarn/lib/cli.js:141452:32)
      at module.exports.Request.end (/usr/local/lib/node_modules/yarn/lib/cli.js:142211:10)
      at end (/usr/local/lib/node_modules/yarn/lib/cli.js:141265:14)
      at Immediate.<anonymous> (/usr/local/lib/node_modules/yarn/lib/cli.js:141279:7)
      at process.processImmediate (node:internal/timers:478:21)

npm manifest: 
  {
    "name": "sample",
    "version": "1.0.0",
    "main": "index.js",
    "license": "MIT"
  }

yarn manifest: 
  No manifest

Lockfile: 
  No lockfile
